gmake[1]: Entering directory '/home/jumombach/ros2_ws/build/tp1'
gmake[2]: Entering directory '/home/jumombach/ros2_ws/build/tp1'
[35m[1mScanning dependencies of target navigation[0m
gmake[2]: Leaving directory '/home/jumombach/ros2_ws/build/tp1'
gmake[2]: Entering directory '/home/jumombach/ros2_ws/build/tp1'
[ 40%] [32mBuilding CXX object CMakeFiles/navigation.dir/src/Action.cpp.o[0m
[ 40%] [32mBuilding CXX object CMakeFiles/navigation.dir/src/main.cpp.o[0m
[01m[K/home/jumombach/ros2_ws/src/tp1/src/Action.cpp:[m[K In member function â€˜[01m[Kvoid Action::avoidObstacles(std::vector<float>, std::vector<float>)[m[Kâ€™:
[01m[K/home/jumombach/ros2_ws/src/tp1/src/Action.cpp:11:75:[m[K [01;35m[Kwarning: [m[Kunused parameter â€˜[01m[Ksonars[m[Kâ€™ [[01;35m[K]8;;https://gcc.gnu.org/onlinedocs/gcc/Warning-Options.html#index-Wunused-parameter-Wunused-parameter]8;;[m[K]
   11 | void Action::avoidObstacles(std::vector<float> lasers, [01;35m[Kstd::vector<float> sonars[m[K)
      |                                                        [01;35m[K~~~~~~~~~~~~~~~~~~~^~~~~~[m[K
[01m[K/home/jumombach/ros2_ws/src/tp1/src/Action.cpp:[m[K In member function â€˜[01m[Kvoid Action::keepAsFarthestAsPossibleFromWalls(std::vector<float>, std::vector<float>)[m[Kâ€™:
[01m[K/home/jumombach/ros2_ws/src/tp1/src/Action.cpp:69:5:[m[K [01;31m[Kerror: [m[Kexpected â€˜[01m[K,[m[Kâ€™ or â€˜[01m[K;[m[Kâ€™ before â€˜[01m[Kfloat[m[Kâ€™
   69 |     [01;31m[Kfloat[m[K left_distance = lasers[0];
      |     [01;31m[K^~~~~[m[K
[01m[K/home/jumombach/ros2_ws/src/tp1/src/Action.cpp:75:15:[m[K [01;31m[Kerror: [m[Kâ€˜[01m[Kright_dist[m[Kâ€™ was not declared in this scope; did you mean â€˜[01m[Kright_distance[m[Kâ€™?
   75 |         cte = [01;31m[Kright_dist[m[K - left_dist;
      |               [01;31m[K^~~~~~~~~~[m[K
      |               [32m[Kright_distance[m[K
[01m[K/home/jumombach/ros2_ws/src/tp1/src/Action.cpp:75:28:[m[K [01;31m[Kerror: [m[Kâ€˜[01m[Kleft_dist[m[Kâ€™ was not declared in this scope
   75 |         cte = right_dist - [01;31m[Kleft_dist[m[K;
      |                            [01;31m[K^~~~~~~~~[m[K
[01m[K/home/jumombach/ros2_ws/src/tp1/src/Action.cpp:77:35:[m[K [01;31m[Kerror: [m[Kâ€˜[01m[Kleft_distance[m[Kâ€™ was not declared in this scope; did you mean â€˜[01m[Kfront_distance[m[Kâ€™?
   77 |         float min_side = std::min([01;31m[Kleft_distance[m[K, right_distance);
      |                                   [01;31m[K^~~~~~~~~~~~~[m[K
      |                                   [32m[Kfront_distance[m[K
[01m[K/home/jumombach/ros2_ws/src/tp1/src/Action.cpp:85:5:[m[K [01;31m[Kerror: [m[Kâ€˜[01m[Kderivative[m[Kâ€™ was not declared in this scope
   85 |     [01;31m[Kderivative[m[K = cte - prev_cte;
      |     [01;31m[K^~~~~~~~~~[m[K
[01m[K/home/jumombach/ros2_ws/src/tp1/src/Action.cpp:88:25:[m[K [01;31m[Kerror: [m[Kâ€˜[01m[Kki[m[Kâ€™ was not declared in this scope; did you mean â€˜[01m[Kkd[m[Kâ€™?
   88 |     angVel = kp * cte + [01;31m[Kki[m[K * cte_integral + kd * derivative;
      |                         [01;31m[K^~[m[K
      |                         [32m[Kkd[m[K
[01m[K/home/jumombach/ros2_ws/src/tp1/src/Action.cpp:65:11:[m[K [01;35m[Kwarning: [m[Kunused variable â€˜[01m[Kfi[m[Kâ€™ [[01;35m[K]8;;https://gcc.gnu.org/onlinedocs/gcc/Warning-Options.html#index-Wunused-variable-Wunused-variable]8;;[m[K]
   65 |     float [01;35m[Kfi[m[K = 0.0;
      |           [01;35m[K^~[m[K
[01m[K/home/jumombach/ros2_ws/src/tp1/src/Action.cpp:61:94:[m[K [01;35m[Kwarning: [m[Kunused parameter â€˜[01m[Ksonars[m[Kâ€™ [[01;35m[K]8;;https://gcc.gnu.org/onlinedocs/gcc/Warning-Options.html#index-Wunused-parameter-Wunused-parameter]8;;[m[K]
   61 | void Action::keepAsFarthestAsPossibleFromWalls(std::vector<float> lasers, [01;35m[Kstd::vector<float> sonars[m[K)
      |                                                                           [01;35m[K~~~~~~~~~~~~~~~~~~~^~~~~~[m[K
gmake[2]: *** [CMakeFiles/navigation.dir/build.make:76: CMakeFiles/navigation.dir/src/Action.cpp.o] Error 1
gmake[2]: *** Waiting for unfinished jobs....
[01m[K/home/jumombach/ros2_ws/src/tp1/src/main.cpp:[m[K In function â€˜[01m[Kvoid* keyboardThreadFunction(void*)[m[Kâ€™:
[01m[K/home/jumombach/ros2_ws/src/tp1/src/main.cpp:78:36:[m[K [01;35m[Kwarning: [m[Kunused parameter â€˜[01m[Karg[m[Kâ€™ [[01;35m[K]8;;https://gcc.gnu.org/onlinedocs/gcc/Warning-Options.html#index-Wunused-parameter-Wunused-parameter]8;;[m[K]
   78 | void *keyboardThreadFunction([01;35m[Kvoid *arg[m[K)
      |                              [01;35m[K~~~~~~^~~[m[K
[01m[K/home/jumombach/ros2_ws/src/tp1/src/main.cpp:[m[K In function â€˜[01m[Kvoid* mainThreadFunction(void*)[m[Kâ€™:
[01m[K/home/jumombach/ros2_ws/src/tp1/src/main.cpp:92:32:[m[K [01;35m[Kwarning: [m[Kunused parameter â€˜[01m[Karg[m[Kâ€™ [[01;35m[K]8;;https://gcc.gnu.org/onlinedocs/gcc/Warning-Options.html#index-Wunused-parameter-Wunused-parameter]8;;[m[K]
   92 | void *mainThreadFunction([01;35m[Kvoid *arg[m[K)
      |                          [01;35m[K~~~~~~^~~[m[K
gmake[2]: Leaving directory '/home/jumombach/ros2_ws/build/tp1'
gmake[1]: *** [CMakeFiles/Makefile2:137: CMakeFiles/navigation.dir/all] Error 2
gmake[1]: Leaving directory '/home/jumombach/ros2_ws/build/tp1'
gmake: *** [Makefile:141: all] Error 2
