[0.014s] Invoking command in '/home/jumombach/ros2_ws/build/tp1': CMAKE_PREFIX_PATH=${CMAKE_PREFIX_PATH}:/opt/ros/humble /usr/local/bin/cmake --build /home/jumombach/ros2_ws/build/tp1 -- -j8 -l8
[0.057s] gmake[1]: Entering directory '/home/jumombach/ros2_ws/build/tp1'
[0.060s] gmake[2]: Entering directory '/home/jumombach/ros2_ws/build/tp1'
[0.064s] [35m[1mScanning dependencies of target navigation[0m
[0.188s] gmake[2]: Leaving directory '/home/jumombach/ros2_ws/build/tp1'
[0.194s] gmake[2]: Entering directory '/home/jumombach/ros2_ws/build/tp1'
[0.196s] [ 40%] [32mBuilding CXX object CMakeFiles/navigation.dir/src/Action.cpp.o[0m
[0.196s] [ 40%] [32mBuilding CXX object CMakeFiles/navigation.dir/src/main.cpp.o[0m
[0.529s] [01m[K/home/jumombach/ros2_ws/src/tp1/src/Action.cpp:[m[K In member function â€˜[01m[Kvoid Action::avoidObstacles(std::vector<float>, std::vector<float>)[m[Kâ€™:
[0.529s] [01m[K/home/jumombach/ros2_ws/src/tp1/src/Action.cpp:17:21:[m[K [01;31m[Kerror: [m[Kcannot convert â€˜[01m[KAction::obstaclesLeft[m[Kâ€™ from type â€˜[01m[Kbool (Action::)(std::vector<float>)[m[Kâ€™ to type â€˜[01m[Kbool[m[Kâ€™
[0.529s]    17 |     if(obstaclesLeft[01;31m[K)[m[K{
[0.529s]       |                     [01;31m[K^[m[K
[0.529s] [01m[K/home/jumombach/ros2_ws/src/tp1/src/Action.cpp:20:28:[m[K [01;31m[Kerror: [m[Kcannot convert â€˜[01m[KAction::obstaclesRight[m[Kâ€™ from type â€˜[01m[Kbool (Action::)(std::vector<float>)[m[Kâ€™ to type â€˜[01m[Kbool[m[Kâ€™
[0.529s]    20 |     }else if(obstaclesRight[01;31m[K)[m[K{
[0.529s]       |                            [01;31m[K^[m[K
[0.529s] [01m[K/home/jumombach/ros2_ws/src/tp1/src/Action.cpp:23:28:[m[K [01;31m[Kerror: [m[Kcannot convert â€˜[01m[KAction::obstaclesFront[m[Kâ€™ from type â€˜[01m[Kbool (Action::)(std::vector<float>)[m[Kâ€™ to type â€˜[01m[Kbool[m[Kâ€™
[0.529s]    23 |     }else if(obstaclesFront[01;31m[K)[m[K{
[0.529s]       |                            [01;31m[K^[m[K
[0.529s] [01m[K/home/jumombach/ros2_ws/src/tp1/src/Action.cpp:11:48:[m[K [01;35m[Kwarning: [m[Kunused parameter â€˜[01m[Klasers[m[Kâ€™ [[01;35m[K]8;;https://gcc.gnu.org/onlinedocs/gcc/Warning-Options.html#index-Wunused-parameter-Wunused-parameter]8;;[m[K]
[0.529s]    11 | void Action::avoidObstacles([01;35m[Kstd::vector<float> lasers[m[K, std::vector<float> sonars)
[0.529s]       |                             [01;35m[K~~~~~~~~~~~~~~~~~~~^~~~~~[m[K
[0.529s] [01m[K/home/jumombach/ros2_ws/src/tp1/src/Action.cpp:11:75:[m[K [01;35m[Kwarning: [m[Kunused parameter â€˜[01m[Ksonars[m[Kâ€™ [[01;35m[K]8;;https://gcc.gnu.org/onlinedocs/gcc/Warning-Options.html#index-Wunused-parameter-Wunused-parameter]8;;[m[K]
[0.530s]    11 | void Action::avoidObstacles(std::vector<float> lasers, [01;35m[Kstd::vector<float> sonars[m[K)
[0.530s]       |                                                        [01;35m[K~~~~~~~~~~~~~~~~~~~^~~~~~[m[K
[0.531s] [01m[K/home/jumombach/ros2_ws/src/tp1/src/Action.cpp:[m[K In member function â€˜[01m[Kvoid Action::keepAsFarthestAsPossibleFromWalls(std::vector<float>, std::vector<float>)[m[Kâ€™:
[0.531s] [01m[K/home/jumombach/ros2_ws/src/tp1/src/Action.cpp:32:94:[m[K [01;35m[Kwarning: [m[Kunused parameter â€˜[01m[Ksonars[m[Kâ€™ [[01;35m[K]8;;https://gcc.gnu.org/onlinedocs/gcc/Warning-Options.html#index-Wunused-parameter-Wunused-parameter]8;;[m[K]
[0.531s]    32 | void Action::keepAsFarthestAsPossibleFromWalls(std::vector<float> lasers, [01;35m[Kstd::vector<float> sonars[m[K)
[0.531s]       |                                                                           [01;35m[K~~~~~~~~~~~~~~~~~~~^~~~~~[m[K
[0.586s] gmake[2]: *** [CMakeFiles/navigation.dir/build.make:76: CMakeFiles/navigation.dir/src/Action.cpp.o] Error 1
[0.586s] gmake[2]: *** Waiting for unfinished jobs....
[1.996s] [01m[K/home/jumombach/ros2_ws/src/tp1/src/main.cpp:[m[K In function â€˜[01m[Kvoid* keyboardThreadFunction(void*)[m[Kâ€™:
[1.996s] [01m[K/home/jumombach/ros2_ws/src/tp1/src/main.cpp:78:36:[m[K [01;35m[Kwarning: [m[Kunused parameter â€˜[01m[Karg[m[Kâ€™ [[01;35m[K]8;;https://gcc.gnu.org/onlinedocs/gcc/Warning-Options.html#index-Wunused-parameter-Wunused-parameter]8;;[m[K]
[1.996s]    78 | void *keyboardThreadFunction([01;35m[Kvoid *arg[m[K)
[1.996s]       |                              [01;35m[K~~~~~~^~~[m[K
[2.000s] [01m[K/home/jumombach/ros2_ws/src/tp1/src/main.cpp:[m[K In function â€˜[01m[Kvoid* mainThreadFunction(void*)[m[Kâ€™:
[2.000s] [01m[K/home/jumombach/ros2_ws/src/tp1/src/main.cpp:92:32:[m[K [01;35m[Kwarning: [m[Kunused parameter â€˜[01m[Karg[m[Kâ€™ [[01;35m[K]8;;https://gcc.gnu.org/onlinedocs/gcc/Warning-Options.html#index-Wunused-parameter-Wunused-parameter]8;;[m[K]
[2.000s]    92 | void *mainThreadFunction([01;35m[Kvoid *arg[m[K)
[2.000s]       |                          [01;35m[K~~~~~~^~~[m[K
[8.000s] gmake[2]: Leaving directory '/home/jumombach/ros2_ws/build/tp1'
[8.001s] gmake[1]: *** [CMakeFiles/Makefile2:137: CMakeFiles/navigation.dir/all] Error 2
[8.001s] gmake: *** [Makefile:141: all] Error 2
[8.001s] gmake[1]: Leaving directory '/home/jumombach/ros2_ws/build/tp1'
[8.003s] Invoked command in '/home/jumombach/ros2_ws/build/tp1' returned '2': CMAKE_PREFIX_PATH=${CMAKE_PREFIX_PATH}:/opt/ros/humble /usr/local/bin/cmake --build /home/jumombach/ros2_ws/build/tp1 -- -j8 -l8
