[0.013s] Invoking command in '/home/jumombach/ros2_ws/build/tp1': CMAKE_PREFIX_PATH=${CMAKE_PREFIX_PATH}:/opt/ros/humble /usr/local/bin/cmake --build /home/jumombach/ros2_ws/build/tp1 -- -j8 -l8
[0.022s] gmake[1]: Entering directory '/home/jumombach/ros2_ws/build/tp1'
[0.024s] gmake[2]: Entering directory '/home/jumombach/ros2_ws/build/tp1'
[0.027s] [35m[1mScanning dependencies of target navigation[0m
[0.029s] gmake[2]: Leaving directory '/home/jumombach/ros2_ws/build/tp1'
[0.035s] gmake[2]: Entering directory '/home/jumombach/ros2_ws/build/tp1'
[0.038s] [ 20%] [32mBuilding CXX object CMakeFiles/navigation.dir/src/Action.cpp.o[0m
[0.320s] [01m[K/home/jumombach/ros2_ws/src/tp1/src/Action.cpp:[m[K In member function â€˜[01m[Kvoid Action::avoidObstacles(std::vector<float>, std::vector<float>)[m[Kâ€™:
[0.320s] [01m[K/home/jumombach/ros2_ws/src/tp1/src/Action.cpp:11:75:[m[K [01;35m[Kwarning: [m[Kunused parameter â€˜[01m[Ksonars[m[Kâ€™ [[01;35m[K]8;;https://gcc.gnu.org/onlinedocs/gcc/Warning-Options.html#index-Wunused-parameter-Wunused-parameter]8;;[m[K]
[0.320s]    11 | void Action::avoidObstacles(std::vector<float> lasers, [01;35m[Kstd::vector<float> sonars[m[K)
[0.320s]       |                                                        [01;35m[K~~~~~~~~~~~~~~~~~~~^~~~~~[m[K
[0.325s] [01m[K/home/jumombach/ros2_ws/src/tp1/src/Action.cpp:[m[K In member function â€˜[01m[Kvoid Action::keepAsFarthestAsPossibleFromWalls(std::vector<float>, std::vector<float>)[m[Kâ€™:
[0.325s] [01m[K/home/jumombach/ros2_ws/src/tp1/src/Action.cpp:75:15:[m[K [01;31m[Kerror: [m[Kâ€˜[01m[Kright_dist[m[Kâ€™ was not declared in this scope; did you mean â€˜[01m[Kright_distance[m[Kâ€™?
[0.325s]    75 |         cte = [01;31m[Kright_dist[m[K - left_dist;
[0.325s]       |               [01;31m[K^~~~~~~~~~[m[K
[0.325s]       |               [32m[Kright_distance[m[K
[0.330s] [01m[K/home/jumombach/ros2_ws/src/tp1/src/Action.cpp:75:28:[m[K [01;31m[Kerror: [m[Kâ€˜[01m[Kleft_dist[m[Kâ€™ was not declared in this scope; did you mean â€˜[01m[Kleft_distance[m[Kâ€™?
[0.330s]    75 |         cte = right_dist - [01;31m[Kleft_dist[m[K;
[0.330s]       |                            [01;31m[K^~~~~~~~~[m[K
[0.330s]       |                            [32m[Kleft_distance[m[K
[0.333s] [01m[K/home/jumombach/ros2_ws/src/tp1/src/Action.cpp:85:5:[m[K [01;31m[Kerror: [m[Kâ€˜[01m[Kderivative[m[Kâ€™ was not declared in this scope
[0.333s]    85 |     [01;31m[Kderivative[m[K = cte - prev_cte;
[0.334s]       |     [01;31m[K^~~~~~~~~~[m[K
[0.334s] [01m[K/home/jumombach/ros2_ws/src/tp1/src/Action.cpp:61:94:[m[K [01;35m[Kwarning: [m[Kunused parameter â€˜[01m[Ksonars[m[Kâ€™ [[01;35m[K]8;;https://gcc.gnu.org/onlinedocs/gcc/Warning-Options.html#index-Wunused-parameter-Wunused-parameter]8;;[m[K]
[0.334s]    61 | void Action::keepAsFarthestAsPossibleFromWalls(std::vector<float> lasers, [01;35m[Kstd::vector<float> sonars[m[K)
[0.334s]       |                                                                           [01;35m[K~~~~~~~~~~~~~~~~~~~^~~~~~[m[K
[0.400s] gmake[2]: *** [CMakeFiles/navigation.dir/build.make:76: CMakeFiles/navigation.dir/src/Action.cpp.o] Error 1
[0.400s] gmake[1]: *** [CMakeFiles/Makefile2:137: CMakeFiles/navigation.dir/all] Error 2
[0.401s] gmake[2]: Leaving directory '/home/jumombach/ros2_ws/build/tp1'
[0.401s] gmake[1]: Leaving directory '/home/jumombach/ros2_ws/build/tp1'
[0.401s] gmake: *** [Makefile:141: all] Error 2
[0.404s] Invoked command in '/home/jumombach/ros2_ws/build/tp1' returned '2': CMAKE_PREFIX_PATH=${CMAKE_PREFIX_PATH}:/opt/ros/humble /usr/local/bin/cmake --build /home/jumombach/ros2_ws/build/tp1 -- -j8 -l8
