[0.037s] Invoking command in '/home/jumombach/ros2_ws/build/tp4': CMAKE_PREFIX_PATH=${CMAKE_PREFIX_PATH}:/opt/ros/humble /usr/local/bin/cmake --build /home/jumombach/ros2_ws/build/tp4 -- -j8 -l8
[0.079s] gmake[1]: Entering directory '/home/jumombach/ros2_ws/build/tp4'
[0.088s] gmake[2]: Entering directory '/home/jumombach/ros2_ws/build/tp4'
[0.100s] [35m[1mScanning dependencies of target localization[0m
[0.135s] gmake[2]: Leaving directory '/home/jumombach/ros2_ws/build/tp4'
[0.143s] gmake[2]: Entering directory '/home/jumombach/ros2_ws/build/tp4'
[0.147s] [ 25%] [32mBuilding CXX object CMakeFiles/localization.dir/src/Perception.cpp.o[0m
[2.923s] [01m[K/home/jumombach/ros2_ws/src/tp4/src/Perception.cpp:[m[K In member function â€˜[01m[Kvoid Perception::MCL_weighting(const std::vector<float>&)[m[Kâ€™:
[2.923s] [01m[K/home/jumombach/ros2_ws/src/tp4/src/Perception.cpp:89:16:[m[K [01;35m[Kwarning: [m[Kcomparison of integer expressions of different signedness: â€˜[01m[Kunsigned int[m[Kâ€™ and â€˜[01m[Kint[m[Kâ€™ [[01;35m[K]8;;https://gcc.gnu.org/onlinedocs/gcc/Warning-Options.html#index-Wsign-compare-Wsign-compare]8;;[m[K]
[2.923s]    89 |         if ([01;35m[Kix >= numCellsX_[m[K || iy >= numCellsY_){ // fora do mapa
[2.923s]       |             [01;35m[K~~~^~~~~~~~~~~~~[m[K
[2.923s] [01m[K/home/jumombach/ros2_ws/src/tp4/src/Perception.cpp:89:36:[m[K [01;35m[Kwarning: [m[Kcomparison of integer expressions of different signedness: â€˜[01m[Kunsigned int[m[Kâ€™ and â€˜[01m[Kint[m[Kâ€™ [[01;35m[K]8;;https://gcc.gnu.org/onlinedocs/gcc/Warning-Options.html#index-Wsign-compare-Wsign-compare]8;;[m[K]
[2.923s]    89 |         if (ix >= numCellsX_ || [01;35m[Kiy >= numCellsY_[m[K){ // fora do mapa
[2.923s]       |                                 [01;35m[K~~~^~~~~~~~~~~~~[m[K
[2.923s] [01m[K/home/jumombach/ros2_ws/src/tp4/src/Perception.cpp:100:26:[m[K [01;35m[Kwarning: [m[Kcomparison of integer expressions of different signedness: â€˜[01m[Kint[m[Kâ€™ and â€˜[01m[Kstd::vector<float>::size_type[m[Kâ€™ {aka â€˜[01m[Klong unsigned int[m[Kâ€™} [[01;35m[K]8;;https://gcc.gnu.org/onlinedocs/gcc/Warning-Options.html#index-Wsign-compare-Wsign-compare]8;;[m[K]
[2.923s]   100 |         for(int k = 0; [01;35m[Kk < z.size()[m[K; k +=10){
[2.923s]       |                        [01;35m[K~~^~~~~~~~~~[m[K
[2.929s] [01m[K/home/jumombach/ros2_ws/src/tp4/src/Perception.cpp:102:64:[m[K [01;31m[Kerror: [m[Kâ€˜[01m[Kparticles[m[Kâ€™ was not declared in this scope; did you mean â€˜[01m[Kparticles_[m[Kâ€™?
[2.929s]   102 |             double expected_zk = computeExpectedMeasurement(k, [01;31m[Kparticles[m[K[i].p);
[2.929s]       |                                                                [01;31m[K^~~~~~~~~[m[K
[2.929s]       |                                                                [32m[Kparticles_[m[K
[2.932s] [01m[K/home/jumombach/ros2_ws/src/tp4/src/Perception.cpp:103:27:[m[K [01;31m[Kerror: [m[Kâ€˜[01m[Kzk[m[Kâ€™ was not declared in this scope; did you mean â€˜[01m[Kk[m[Kâ€™?
[2.933s]   103 |             double diff = [01;31m[Kzk[m[K - zk_expected;
[2.933s]       |                           [01;31m[K^~[m[K
[2.933s]       |                           [32m[Kk[m[K
[2.937s] [01m[K/home/jumombach/ros2_ws/src/tp4/src/Perception.cpp:103:32:[m[K [01;31m[Kerror: [m[Kâ€˜[01m[Kzk_expected[m[Kâ€™ was not declared in this scope
[2.938s]   103 |             double diff = zk - [01;31m[Kzk_expected[m[K;
[2.938s]       |                                [01;31m[K^~~~~~~~~~~[m[K
[2.938s] [01m[K/home/jumombach/ros2_ws/src/tp4/src/Perception.cpp:101:20:[m[K [01;35m[Kwarning: [m[Kunused variable â€˜[01m[Kreal_zk[m[Kâ€™ [[01;35m[K]8;;https://gcc.gnu.org/onlinedocs/gcc/Warning-Options.html#index-Wunused-variable-Wunused-variable]8;;[m[K]
[2.938s]   101 |             double [01;35m[Kreal_zk[m[K = z[k];
[2.938s]       |                    [01;35m[K^~~~~~~[m[K
[2.938s] [01m[K/home/jumombach/ros2_ws/src/tp4/src/Perception.cpp:102:20:[m[K [01;35m[Kwarning: [m[Kunused variable â€˜[01m[Kexpected_zk[m[Kâ€™ [[01;35m[K]8;;https://gcc.gnu.org/onlinedocs/gcc/Warning-Options.html#index-Wunused-variable-Wunused-variable]8;;[m[K]
[2.938s]   102 |             double [01;35m[Kexpected_zk[m[K = computeExpectedMeasurement(k, particles[i].p);
[2.938s]       |                    [01;35m[K^~~~~~~~~~~[m[K
[3.452s] gmake[2]: *** [CMakeFiles/localization.dir/build.make:76: CMakeFiles/localization.dir/src/Perception.cpp.o] Error 1
[3.452s] gmake[2]: Leaving directory '/home/jumombach/ros2_ws/build/tp4'
[3.452s] gmake[1]: Leaving directory '/home/jumombach/ros2_ws/build/tp4'
[3.452s] gmake[1]: *** [CMakeFiles/Makefile2:137: CMakeFiles/localization.dir/all] Error 2
[3.452s] gmake: *** [Makefile:141: all] Error 2
[3.454s] Invoked command in '/home/jumombach/ros2_ws/build/tp4' returned '2': CMAKE_PREFIX_PATH=${CMAKE_PREFIX_PATH}:/opt/ros/humble /usr/local/bin/cmake --build /home/jumombach/ros2_ws/build/tp4 -- -j8 -l8
