[01m[K/home/jumombach/ros2_ws/src/tp4/src/Perception.cpp:[m[K In member function â€˜[01m[Kvoid Perception::MCL_weighting(const std::vector<float>&)[m[Kâ€™:
[01m[K/home/jumombach/ros2_ws/src/tp4/src/Perception.cpp:89:16:[m[K [01;35m[Kwarning: [m[Kcomparison of integer expressions of different signedness: â€˜[01m[Kunsigned int[m[Kâ€™ and â€˜[01m[Kint[m[Kâ€™ [[01;35m[K]8;;https://gcc.gnu.org/onlinedocs/gcc/Warning-Options.html#index-Wsign-compare-Wsign-compare]8;;[m[K]
   89 |         if ([01;35m[Kix >= numCellsX_[m[K || iy >= numCellsY_){ // fora do mapa
      |             [01;35m[K~~~^~~~~~~~~~~~~[m[K
[01m[K/home/jumombach/ros2_ws/src/tp4/src/Perception.cpp:89:36:[m[K [01;35m[Kwarning: [m[Kcomparison of integer expressions of different signedness: â€˜[01m[Kunsigned int[m[Kâ€™ and â€˜[01m[Kint[m[Kâ€™ [[01;35m[K]8;;https://gcc.gnu.org/onlinedocs/gcc/Warning-Options.html#index-Wsign-compare-Wsign-compare]8;;[m[K]
   89 |         if (ix >= numCellsX_ || [01;35m[Kiy >= numCellsY_[m[K){ // fora do mapa
      |                                 [01;35m[K~~~^~~~~~~~~~~~~[m[K
[01m[K/home/jumombach/ros2_ws/src/tp4/src/Perception.cpp:100:26:[m[K [01;35m[Kwarning: [m[Kcomparison of integer expressions of different signedness: â€˜[01m[Kint[m[Kâ€™ and â€˜[01m[Kstd::vector<float>::size_type[m[Kâ€™ {aka â€˜[01m[Klong unsigned int[m[Kâ€™} [[01;35m[K]8;;https://gcc.gnu.org/onlinedocs/gcc/Warning-Options.html#index-Wsign-compare-Wsign-compare]8;;[m[K]
  100 |         for(int k = 0; [01;35m[Kk < z.size()[m[K; k +=10){
      |                        [01;35m[K~~^~~~~~~~~~[m[K
[01m[K/home/jumombach/ros2_ws/src/tp4/src/Perception.cpp:102:64:[m[K [01;31m[Kerror: [m[Kâ€˜[01m[Kparticles[m[Kâ€™ was not declared in this scope; did you mean â€˜[01m[Kparticles_[m[Kâ€™?
  102 |             double expected_zk = computeExpectedMeasurement(k, [01;31m[Kparticles[m[K[i]_.p);
      |                                                                [01;31m[K^~~~~~~~~[m[K
      |                                                                [32m[Kparticles_[m[K
gmake[2]: *** [CMakeFiles/localization.dir/build.make:76: CMakeFiles/localization.dir/src/Perception.cpp.o] Error 1
gmake[1]: *** [CMakeFiles/Makefile2:137: CMakeFiles/localization.dir/all] Error 2
gmake: *** [Makefile:141: all] Error 2
