[0.012s] Invoking command in '/home/jumombach/ros2_ws/build/tp1': CMAKE_PREFIX_PATH=${CMAKE_PREFIX_PATH}:/opt/ros/humble /usr/local/bin/cmake --build /home/jumombach/ros2_ws/build/tp1 -- -j8 -l8
[0.018s] gmake[1]: Entering directory '/home/jumombach/ros2_ws/build/tp1'
[0.020s] gmake[2]: Entering directory '/home/jumombach/ros2_ws/build/tp1'
[0.023s] [35m[1mScanning dependencies of target navigation[0m
[0.026s] gmake[2]: Leaving directory '/home/jumombach/ros2_ws/build/tp1'
[0.031s] gmake[2]: Entering directory '/home/jumombach/ros2_ws/build/tp1'
[0.032s] [ 20%] [32mBuilding CXX object CMakeFiles/navigation.dir/src/Action.cpp.o[0m
[0.247s] [01m[K/home/jumombach/ros2_ws/src/tp1/src/Action.cpp:[m[K In member function â€˜[01m[Kvoid Action::avoidObstacles(std::vector<float>, std::vector<float>)[m[Kâ€™:
[0.247s] [01m[K/home/jumombach/ros2_ws/src/tp1/src/Action.cpp:17:21:[m[K [01;31m[Kerror: [m[Kno matching function for call to â€˜[01m[KAction::obstaclesLeft()[m[Kâ€™
[0.247s]    17 |     if([01;31m[KobstaclesLeft()[m[K){
[0.247s]       |        [01;31m[K~~~~~~~~~~~~~^~[m[K
[0.247s] In file included from [01m[K/home/jumombach/ros2_ws/src/tp1/src/Action.cpp:1[m[K:
[0.247s] [01m[K/home/jumombach/ros2_ws/src/tp1/include/Action.h:31:10:[m[K [01;36m[Knote: [m[Kcandidate: â€˜[01m[Kbool Action::obstaclesLeft(std::vector<float>)[m[Kâ€™
[0.247s]    31 |     bool [01;36m[KobstaclesLeft[m[K(std::vector<float> lasers);
[0.247s]       |          [01;36m[K^~~~~~~~~~~~~[m[K
[0.250s] [01m[K/home/jumombach/ros2_ws/src/tp1/include/Action.h:31:10:[m[K [01;36m[Knote: [m[K  candidate expects 1 argument, 0 provided
[0.250s] [01m[K/home/jumombach/ros2_ws/src/tp1/src/Action.cpp:20:28:[m[K [01;31m[Kerror: [m[Kno matching function for call to â€˜[01m[KAction::obstaclesRight()[m[Kâ€™
[0.250s]    20 |     }else if([01;31m[KobstaclesRight()[m[K){
[0.250s]       |              [01;31m[K~~~~~~~~~~~~~~^~[m[K
[0.250s] In file included from [01m[K/home/jumombach/ros2_ws/src/tp1/src/Action.cpp:1[m[K:
[0.250s] [01m[K/home/jumombach/ros2_ws/src/tp1/include/Action.h:32:10:[m[K [01;36m[Knote: [m[Kcandidate: â€˜[01m[Kbool Action::obstaclesRight(std::vector<float>)[m[Kâ€™
[0.250s]    32 |     bool [01;36m[KobstaclesRight[m[K(std::vector<float> lasers);
[0.250s]       |          [01;36m[K^~~~~~~~~~~~~~[m[K
[0.250s] [01m[K/home/jumombach/ros2_ws/src/tp1/include/Action.h:32:10:[m[K [01;36m[Knote: [m[K  candidate expects 1 argument, 0 provided
[0.250s] [01m[K/home/jumombach/ros2_ws/src/tp1/src/Action.cpp:23:28:[m[K [01;31m[Kerror: [m[Kno matching function for call to â€˜[01m[KAction::obstaclesFront()[m[Kâ€™
[0.250s]    23 |     }else if([01;31m[KobstaclesFront()[m[K){
[0.250s]       |              [01;31m[K~~~~~~~~~~~~~~^~[m[K
[0.250s] In file included from [01m[K/home/jumombach/ros2_ws/src/tp1/src/Action.cpp:1[m[K:
[0.250s] [01m[K/home/jumombach/ros2_ws/src/tp1/include/Action.h:30:10:[m[K [01;36m[Knote: [m[Kcandidate: â€˜[01m[Kbool Action::obstaclesFront(std::vector<float>)[m[Kâ€™
[0.250s]    30 |     bool [01;36m[KobstaclesFront[m[K(std::vector<float> lasers);
[0.250s]       |          [01;36m[K^~~~~~~~~~~~~~[m[K
[0.250s] [01m[K/home/jumombach/ros2_ws/src/tp1/include/Action.h:30:10:[m[K [01;36m[Knote: [m[K  candidate expects 1 argument, 0 provided
[0.250s] [01m[K/home/jumombach/ros2_ws/src/tp1/src/Action.cpp:11:48:[m[K [01;35m[Kwarning: [m[Kunused parameter â€˜[01m[Klasers[m[Kâ€™ [[01;35m[K]8;;https://gcc.gnu.org/onlinedocs/gcc/Warning-Options.html#index-Wunused-parameter-Wunused-parameter]8;;[m[K]
[0.250s]    11 | void Action::avoidObstacles([01;35m[Kstd::vector<float> lasers[m[K, std::vector<float> sonars)
[0.250s]       |                             [01;35m[K~~~~~~~~~~~~~~~~~~~^~~~~~[m[K
[0.250s] [01m[K/home/jumombach/ros2_ws/src/tp1/src/Action.cpp:11:75:[m[K [01;35m[Kwarning: [m[Kunused parameter â€˜[01m[Ksonars[m[Kâ€™ [[01;35m[K]8;;https://gcc.gnu.org/onlinedocs/gcc/Warning-Options.html#index-Wunused-parameter-Wunused-parameter]8;;[m[K]
[0.250s]    11 | void Action::avoidObstacles(std::vector<float> lasers, [01;35m[Kstd::vector<float> sonars[m[K)
[0.250s]       |                                                        [01;35m[K~~~~~~~~~~~~~~~~~~~^~~~~~[m[K
[0.251s] [01m[K/home/jumombach/ros2_ws/src/tp1/src/Action.cpp:[m[K In member function â€˜[01m[Kvoid Action::keepAsFarthestAsPossibleFromWalls(std::vector<float>, std::vector<float>)[m[Kâ€™:
[0.251s] [01m[K/home/jumombach/ros2_ws/src/tp1/src/Action.cpp:32:94:[m[K [01;35m[Kwarning: [m[Kunused parameter â€˜[01m[Ksonars[m[Kâ€™ [[01;35m[K]8;;https://gcc.gnu.org/onlinedocs/gcc/Warning-Options.html#index-Wunused-parameter-Wunused-parameter]8;;[m[K]
[0.251s]    32 | tion::keepAsFarthestAsPossibleFromWalls(std::vector<float> lasers, [01;35m[Kstd::vector<float> sonars[m[K)
[0.251s]       |                                                                    [01;35m[K~~~~~~~~~~~~~~~~~~~^~~~~~[m[K
[0.251s] 
[0.292s] gmake[2]: *** [CMakeFiles/navigation.dir/build.make:76: CMakeFiles/navigation.dir/src/Action.cpp.o] Error 1
[0.292s] gmake[2]: Leaving directory '/home/jumombach/ros2_ws/build/tp1'
[0.292s] gmake[1]: Leaving directory '/home/jumombach/ros2_ws/build/tp1'
[0.292s] gmake[1]: *** [CMakeFiles/Makefile2:137: CMakeFiles/navigation.dir/all] Error 2
[0.292s] gmake: *** [Makefile:141: all] Error 2
[0.294s] Invoked command in '/home/jumombach/ros2_ws/build/tp1' returned '2': CMAKE_PREFIX_PATH=${CMAKE_PREFIX_PATH}:/opt/ros/humble /usr/local/bin/cmake --build /home/jumombach/ros2_ws/build/tp1 -- -j8 -l8
