[0.015s] Invoking command in '/home/jumombach/ros2_ws/build/tp1': CMAKE_PREFIX_PATH=${CMAKE_PREFIX_PATH}:/opt/ros/humble /usr/local/bin/cmake --build /home/jumombach/ros2_ws/build/tp1 -- -j8 -l8
[0.064s] gmake[1]: Entering directory '/home/jumombach/ros2_ws/build/tp1'
[0.068s] gmake[2]: Entering directory '/home/jumombach/ros2_ws/build/tp1'
[0.074s] [35m[1mScanning dependencies of target navigation[0m
[0.078s] gmake[2]: Leaving directory '/home/jumombach/ros2_ws/build/tp1'
[0.101s] gmake[2]: Entering directory '/home/jumombach/ros2_ws/build/tp1'
[0.104s] [ 20%] [32mBuilding CXX object CMakeFiles/navigation.dir/src/Action.cpp.o[0m
[0.517s] [01m[K/home/jumombach/ros2_ws/src/tp1/src/Action.cpp:[m[K In member function â€˜[01m[Kvoid Action::avoidObstacles(std::vector<float>, std::vector<float>)[m[Kâ€™:
[0.517s] [01m[K/home/jumombach/ros2_ws/src/tp1/src/Action.cpp:11:75:[m[K [01;35m[Kwarning: [m[Kunused parameter â€˜[01m[Ksonars[m[Kâ€™ [[01;35m[K]8;;https://gcc.gnu.org/onlinedocs/gcc/Warning-Options.html#index-Wunused-parameter-Wunused-parameter]8;;[m[K]
[0.517s]    11 | voidObstacles(std::vector<float> lasers, [01;35m[Kstd::vector<float> sonars[m[K)
[0.518s]       |                                          [01;35m[K~~~~~~~~~~~~~~~~~~~^~~~~~[m[K
[0.518s] 
[0.521s] [01m[K/home/jumombach/ros2_ws/src/tp1/src/Action.cpp:[m[K In member function â€˜[01m[Kvoid Action::keepAsFarthestAsPossibleFromWalls(std::vector<float>, std::vector<float>)[m[Kâ€™:
[0.522s] [01m[K/home/jumombach/ros2_ws/src/tp1/src/Action.cpp:67:5:[m[K [01;31m[Kerror: [m[Kâ€˜[01m[Kdif[m[Kâ€™ was not declared in this scope; did you mean â€˜[01m[Kdiv[m[Kâ€™?
[0.522s]    67 |     [01;31m[Kdif[m[K = lasers[0] - lasers[180];
[0.522s]       |     [01;31m[K^~~[m[K
[0.522s]       |     [32m[Kdiv[m[K
[0.523s] [01m[K/home/jumombach/ros2_ws/src/tp1/src/Action.cpp:60:94:[m[K [01;35m[Kwarning: [m[Kunused parameter â€˜[01m[Ksonars[m[Kâ€™ [[01;35m[K]8;;https://gcc.gnu.org/onlinedocs/gcc/Warning-Options.html#index-Wunused-parameter-Wunused-parameter]8;;[m[K]
[0.523s]    60 | ibleFromWalls(std::vector<float> lasers, [01;35m[Kstd::vector<float> sonars[m[K)
[0.523s]       |                                          [01;35m[K~~~~~~~~~~~~~~~~~~~^~~~~~[m[K
[0.523s] 
[0.578s] gmake[2]: *** [CMakeFiles/navigation.dir/build.make:76: CMakeFiles/navigation.dir/src/Action.cpp.o] Error 1
[0.578s] gmake[2]: Leaving directory '/home/jumombach/ros2_ws/build/tp1'
[0.578s] gmake[1]: *** [CMakeFiles/Makefile2:137: CMakeFiles/navigation.dir/all] Error 2
[0.578s] gmake[1]: Leaving directory '/home/jumombach/ros2_ws/build/tp1'
[0.579s] gmake: *** [Makefile:141: all] Error 2
[0.580s] Invoked command in '/home/jumombach/ros2_ws/build/tp1' returned '2': CMAKE_PREFIX_PATH=${CMAKE_PREFIX_PATH}:/opt/ros/humble /usr/local/bin/cmake --build /home/jumombach/ros2_ws/build/tp1 -- -j8 -l8
