[0.012s] Invoking command in '/home/jumombach/ros2_ws/build/tp1': CMAKE_PREFIX_PATH=${CMAKE_PREFIX_PATH}:/opt/ros/humble /usr/local/bin/cmake --build /home/jumombach/ros2_ws/build/tp1 -- -j8 -l8
[0.020s] gmake[1]: Entering directory '/home/jumombach/ros2_ws/build/tp1'
[0.022s] gmake[2]: Entering directory '/home/jumombach/ros2_ws/build/tp1'
[0.025s] [35m[1mScanning dependencies of target navigation[0m
[0.027s] gmake[2]: Leaving directory '/home/jumombach/ros2_ws/build/tp1'
[0.034s] gmake[2]: Entering directory '/home/jumombach/ros2_ws/build/tp1'
[0.036s] [ 20%] [32mBuilding CXX object CMakeFiles/navigation.dir/src/Action.cpp.o[0m
[0.275s] [01m[K/home/jumombach/ros2_ws/src/tp1/src/Action.cpp:[m[K In member function â€˜[01m[Kvoid Action::avoidObstacles(std::vector<float>, std::vector<float>)[m[Kâ€™:
[0.275s] [01m[K/home/jumombach/ros2_ws/src/tp1/src/Action.cpp:17:8:[m[K [01;31m[Kerror: [m[Kâ€˜[01m[KobstaclesLeft[m[Kâ€™ was not declared in this scope
[0.275s]    17 |     if([01;31m[KobstaclesLeft[m[K){
[0.275s]       |        [01;31m[K^~~~~~~~~~~~~[m[K
[0.278s] [01m[K/home/jumombach/ros2_ws/src/tp1/src/Action.cpp:20:14:[m[K [01;31m[Kerror: [m[Kâ€˜[01m[KobstaclesRight[m[Kâ€™ was not declared in this scope
[0.278s]    20 |     }else if([01;31m[KobstaclesRight[m[K){
[0.278s]       |              [01;31m[K^~~~~~~~~~~~~~[m[K
[0.281s] [01m[K/home/jumombach/ros2_ws/src/tp1/src/Action.cpp:23:14:[m[K [01;31m[Kerror: [m[Kâ€˜[01m[KobstaclesFront[m[Kâ€™ was not declared in this scope
[0.281s]    23 |     }else if([01;31m[KobstaclesFront[m[K){
[0.281s]       |              [01;31m[K^~~~~~~~~~~~~~[m[K
[0.281s] [01m[K/home/jumombach/ros2_ws/src/tp1/src/Action.cpp:11:48:[m[K [01;35m[Kwarning: [m[Kunused parameter â€˜[01m[Klasers[m[Kâ€™ [[01;35m[K]8;;https://gcc.gnu.org/onlinedocs/gcc/Warning-Options.html#index-Wunused-parameter-Wunused-parameter]8;;[m[K]
[0.281s]    11 | void Action::avoidObstacles([01;35m[Kstd::vector<float> lasers[m[K, std::vector<float> sonars)
[0.281s]       |                             [01;35m[K~~~~~~~~~~~~~~~~~~~^~~~~~[m[K
[0.281s] [01m[K/home/jumombach/ros2_ws/src/tp1/src/Action.cpp:11:75:[m[K [01;35m[Kwarning: [m[Kunused parameter â€˜[01m[Ksonars[m[Kâ€™ [[01;35m[K]8;;https://gcc.gnu.org/onlinedocs/gcc/Warning-Options.html#index-Wunused-parameter-Wunused-parameter]8;;[m[K]
[0.281s]    11 | void Action::avoidObstacles(std::vector<float> lasers, [01;35m[Kstd::vector<float> sonars[m[K)
[0.281s]       |                                                        [01;35m[K~~~~~~~~~~~~~~~~~~~^~~~~~[m[K
[0.282s] [01m[K/home/jumombach/ros2_ws/src/tp1/src/Action.cpp:[m[K In member function â€˜[01m[Kvoid Action::keepAsFarthestAsPossibleFromWalls(std::vector<float>, std::vector<float>)[m[Kâ€™:
[0.282s] [01m[K/home/jumombach/ros2_ws/src/tp1/src/Action.cpp:32:94:[m[K [01;35m[Kwarning: [m[Kunused parameter â€˜[01m[Ksonars[m[Kâ€™ [[01;35m[K]8;;https://gcc.gnu.org/onlinedocs/gcc/Warning-Options.html#index-Wunused-parameter-Wunused-parameter]8;;[m[K]
[0.282s]    32 | tion::keepAsFarthestAsPossibleFromWalls(std::vector<float> lasers, [01;35m[Kstd::vector<float> sonars[m[K)
[0.282s]       |                                                                    [01;35m[K~~~~~~~~~~~~~~~~~~~^~~~~~[m[K
[0.282s] 
[0.284s] [01m[K/home/jumombach/ros2_ws/src/tp1/src/Action.cpp:[m[K At global scope:
[0.284s] [01m[K/home/jumombach/ros2_ws/src/tp1/src/Action.cpp:159:6:[m[K [01;31m[Kerror: [m[Kno declaration matches â€˜[01m[Kbool Action::obstaclesFront(std::vector<float>)[m[Kâ€™
[0.284s]   159 | bool [01;31m[KAction[m[K::obstaclesFront(std::vector<float> lasers){
[0.284s]       |      [01;31m[K^~~~~~[m[K
[0.284s] [01m[K/home/jumombach/ros2_ws/src/tp1/src/Action.cpp:159:6:[m[K [01;36m[Knote: [m[Kno functions named â€˜[01m[Kbool Action::obstaclesFront(std::vector<float>)[m[Kâ€™
[0.284s] In file included from [01m[K/home/jumombach/ros2_ws/src/tp1/src/Action.cpp:1[m[K:
[0.284s] [01m[K/home/jumombach/ros2_ws/src/tp1/include/Action.h:15:7:[m[K [01;36m[Knote: [m[Kâ€˜[01m[Kclass Action[m[Kâ€™ defined here
[0.284s]    15 | class [01;36m[KAction[m[K
[0.284s]       |       [01;36m[K^~~~~~[m[K
[0.284s] [01m[K/home/jumombach/ros2_ws/src/tp1/src/Action.cpp:165:6:[m[K [01;31m[Kerror: [m[Kno declaration matches â€˜[01m[Kbool Action::obstaclesLeft(std::vector<float>)[m[Kâ€™
[0.284s]   165 | bool [01;31m[KAction[m[K::obstaclesLeft(std::vector<float> lasers){
[0.284s]       |      [01;31m[K^~~~~~[m[K
[0.284s] [01m[K/home/jumombach/ros2_ws/src/tp1/src/Action.cpp:165:6:[m[K [01;36m[Knote: [m[Kno functions named â€˜[01m[Kbool Action::obstaclesLeft(std::vector<float>)[m[Kâ€™
[0.284s] In file included from [01m[K/home/jumombach/ros2_ws/src/tp1/src/Action.cpp:1[m[K:
[0.285s] [01m[K/home/jumombach/ros2_ws/src/tp1/include/Action.h:15:7:[m[K [01;36m[Knote: [m[Kâ€˜[01m[Kclass Action[m[Kâ€™ defined here
[0.285s]    15 | class [01;36m[KAction[m[K
[0.285s]       |       [01;36m[K^~~~~~[m[K
[0.285s] [01m[K/home/jumombach/ros2_ws/src/tp1/src/Action.cpp:174:6:[m[K [01;31m[Kerror: [m[Kno declaration matches â€˜[01m[Kbool Action::obstaclesRight(std::vector<float>)[m[Kâ€™
[0.285s]   174 | bool [01;31m[KAction[m[K::obstaclesRight(std::vector<float> lasers){
[0.285s]       |      [01;31m[K^~~~~~[m[K
[0.285s] [01m[K/home/jumombach/ros2_ws/src/tp1/src/Action.cpp:174:6:[m[K [01;36m[Knote: [m[Kno functions named â€˜[01m[Kbool Action::obstaclesRight(std::vector<float>)[m[Kâ€™
[0.285s] In file included from [01m[K/home/jumombach/ros2_ws/src/tp1/src/Action.cpp:1[m[K:
[0.285s] [01m[K/home/jumombach/ros2_ws/src/tp1/include/Action.h:15:7:[m[K [01;36m[Knote: [m[Kâ€˜[01m[Kclass Action[m[Kâ€™ defined here
[0.285s]    15 | class [01;36m[KAction[m[K
[0.285s]       |       [01;36m[K^~~~~~[m[K
[0.334s] gmake[2]: *** [CMakeFiles/navigation.dir/build.make:76: CMakeFiles/navigation.dir/src/Action.cpp.o] Error 1
[0.334s] gmake[2]: Leaving directory '/home/jumombach/ros2_ws/build/tp1'
[0.334s] gmake[1]: *** [CMakeFiles/Makefile2:137: CMakeFiles/navigation.dir/all] Error 2
[0.334s] gmake[1]: Leaving directory '/home/jumombach/ros2_ws/build/tp1'
[0.334s] gmake: *** [Makefile:141: all] Error 2
[0.336s] Invoked command in '/home/jumombach/ros2_ws/build/tp1' returned '2': CMAKE_PREFIX_PATH=${CMAKE_PREFIX_PATH}:/opt/ros/humble /usr/local/bin/cmake --build /home/jumombach/ros2_ws/build/tp1 -- -j8 -l8
