[0.013s] Invoking command in '/home/jumombach/ros2_ws/build/tp1': /usr/local/bin/cmake --build /home/jumombach/ros2_ws/build/tp1 -- -j8 -l8
[0.021s] gmake[1]: Entering directory '/home/jumombach/ros2_ws/build/tp1'
[0.024s] gmake[2]: Entering directory '/home/jumombach/ros2_ws/build/tp1'
[0.026s] [35m[1mScanning dependencies of target navigation[0m
[0.029s] gmake[2]: Leaving directory '/home/jumombach/ros2_ws/build/tp1'
[0.033s] gmake[2]: Entering directory '/home/jumombach/ros2_ws/build/tp1'
[0.035s] [ 20%] [32mBuilding CXX object CMakeFiles/navigation.dir/src/Action.cpp.o[0m
[0.270s] [01m[K/home/jumombach/ros2_ws/src/tp1/src/Action.cpp:[m[K In member function â€˜[01m[Kvoid Action::avoidObstacles(std::vector<float>, std::vector<float>)[m[Kâ€™:
[0.270s] [01m[K/home/jumombach/ros2_ws/src/tp1/src/Action.cpp:15:35:[m[K [01;31m[Kerror: [m[Kâ€˜[01m[Kendl[m[Kâ€™ was not declared in this scope; did you mean â€˜[01m[Kstd::endl[m[Kâ€™?
[0.270s]    15 |     std::cout << sonars[k] << [01;31m[Kendl[m[K;
[0.270s]       |                               [01;31m[K^~~~[m[K
[0.270s]       |                               [32m[Kstd::endl[m[K
[0.270s] In file included from [01m[K/usr/include/c++/11/iostream:39[m[K,
[0.270s]                  from [01m[K/home/jumombach/ros2_ws/src/tp1/include/Utils.h:5[m[K,
[0.270s]                  from [01m[K/home/jumombach/ros2_ws/src/tp1/src/Action.cpp:3[m[K:
[0.270s] [01m[K/usr/include/c++/11/ostream:684:5:[m[K [01;36m[Knote: [m[Kâ€˜[01m[Kstd::endl[m[Kâ€™ declared here
[0.270s]   684 |     [01;36m[Kendl[m[K(basic_ostream<_CharT, _Traits>& __os)
[0.270s]       |     [01;36m[K^~~~[m[K
[0.270s] [01m[K/home/jumombach/ros2_ws/src/tp1/src/Action.cpp:11:48:[m[K [01;35m[Kwarning: [m[Kunused parameter â€˜[01m[Klasers[m[Kâ€™ [[01;35m[K]8;;https://gcc.gnu.org/onlinedocs/gcc/Warning-Options.html#index-Wunused-parameter-Wunused-parameter]8;;[m[K]
[0.270s]    11 | cles([01;35m[Kstd::vector<float> lasers[m[K, std::vector<float> sonars)
[0.270s]       |      [01;35m[K~~~~~~~~~~~~~~~~~~~^~~~~~[m[K
[0.270s] 
[0.270s] [01m[K/home/jumombach/ros2_ws/src/tp1/src/Action.cpp:[m[K In member function â€˜[01m[Kvoid Action::keepAsFarthestAsPossibleFromWalls(std::vector<float>, std::vector<float>)[m[Kâ€™:
[0.270s] [01m[K/home/jumombach/ros2_ws/src/tp1/src/Action.cpp:22:67:[m[K [01;35m[Kwarning: [m[Kunused parameter â€˜[01m[Klasers[m[Kâ€™ [[01;35m[K]8;;https://gcc.gnu.org/onlinedocs/gcc/Warning-Options.html#index-Wunused-parameter-Wunused-parameter]8;;[m[K]
[0.271s]    22 | alls([01;35m[Kstd::vector<float> lasers[m[K, std::vector<float> sonars)
[0.271s]       |      [01;35m[K~~~~~~~~~~~~~~~~~~~^~~~~~[m[K
[0.271s] 
[0.271s] [01m[K/home/jumombach/ros2_ws/src/tp1/src/Action.cpp:22:94:[m[K [01;35m[Kwarning: [m[Kunused parameter â€˜[01m[Ksonars[m[Kâ€™ [[01;35m[K]8;;https://gcc.gnu.org/onlinedocs/gcc/Warning-Options.html#index-Wunused-parameter-Wunused-parameter]8;;[m[K]
[0.271s]    22 |  lasers, [01;35m[Kstd::vector<float> sonars[m[K)
[0.271s]       |          [01;35m[K~~~~~~~~~~~~~~~~~~~^~~~~~[m[K
[0.271s] 
[0.317s] gmake[2]: *** [CMakeFiles/navigation.dir/build.make:76: CMakeFiles/navigation.dir/src/Action.cpp.o] Error 1
[0.317s] gmake[2]: Leaving directory '/home/jumombach/ros2_ws/build/tp1'
[0.317s] gmake[1]: Leaving directory '/home/jumombach/ros2_ws/build/tp1'
[0.317s] gmake[1]: *** [CMakeFiles/Makefile2:137: CMakeFiles/navigation.dir/all] Error 2
[0.317s] gmake: *** [Makefile:141: all] Error 2
[0.319s] Invoked command in '/home/jumombach/ros2_ws/build/tp1' returned '2': /usr/local/bin/cmake --build /home/jumombach/ros2_ws/build/tp1 -- -j8 -l8
