[01m[K/home/jumombach/ros2_ws/src/tp1/src/Action.cpp:[m[K In member function â€˜[01m[Kvoid Action::avoidObstacles(std::vector<float>, std::vector<float>)[m[Kâ€™:
[01m[K/home/jumombach/ros2_ws/src/tp1/src/Action.cpp:11:75:[m[K [01;35m[Kwarning: [m[Kunused parameter â€˜[01m[Ksonars[m[Kâ€™ [[01;35m[K]8;;https://gcc.gnu.org/onlinedocs/gcc/Warning-Options.html#index-Wunused-parameter-Wunused-parameter]8;;[m[K]
   11 |  lasers, [01;35m[Kstd::vector<float> sonars[m[K)
      |          [01;35m[K~~~~~~~~~~~~~~~~~~~^~~~~~[m[K

[01m[K/home/jumombach/ros2_ws/src/tp1/src/Action.cpp:[m[K In member function â€˜[01m[Kvoid Action::keepAsFarthestAsPossibleFromWalls(std::vector<float>, std::vector<float>)[m[Kâ€™:
[01m[K/home/jumombach/ros2_ws/src/tp1/src/Action.cpp:66:12:[m[K [01;31m[Kerror: [m[Kâ€˜[01m[Kmod[m[Kâ€™ was not declared in this scope; did you mean â€˜[01m[Kmodf[m[Kâ€™?
   66 |         if([01;31m[Kmod[m[K(lasers[0]-lasers[180]) < 5){
      |            [01;31m[K^~~[m[K
      |            [32m[Kmodf[m[K
[01m[K/home/jumombach/ros2_ws/src/tp1/src/Action.cpp:60:94:[m[K [01;35m[Kwarning: [m[Kunused parameter â€˜[01m[Ksonars[m[Kâ€™ [[01;35m[K]8;;https://gcc.gnu.org/onlinedocs/gcc/Warning-Options.html#index-Wunused-parameter-Wunused-parameter]8;;[m[K]
   60 |  lasers, [01;35m[Kstd::vector<float> sonars[m[K)
      |          [01;35m[K~~~~~~~~~~~~~~~~~~~^~~~~~[m[K

gmake[2]: *** [CMakeFiles/navigation.dir/build.make:76: CMakeFiles/navigation.dir/src/Action.cpp.o] Error 1
gmake[1]: *** [CMakeFiles/Makefile2:137: CMakeFiles/navigation.dir/all] Error 2
gmake: *** [Makefile:141: all] Error 2
